<?xml version="1.0" encoding="UTF-8"?>
<testsuite xmlns:xsi="http://www.w3.org/2001/XMLSchema-instance" xsi:noNamespaceSchemaLocation="https://maven.apache.org/surefire/maven-surefire-plugin/xsd/surefire-test-report-3.0.xsd" version="3.0" name="runners.TestRunner" time="2.39" tests="7" errors="3" skipped="0" failures="0">
  <properties>
[...]
</properties>
  <testcase name="User Should Login With Valid Credentials" classname="Login Functionality" time="1.397">
    <system-out><![CDATA[Feature: Login Functionality

  @validLogin
  Scenario: User Should Login With Valid Credentials # src/test/resources/functionalTests/End2End_Test.feature:3
    Given Post Login API                             # Steps.post_login_api()
    When Provide Valid Credential                    # Steps.provide_valid_credential()
    Then Status_code equals 200                      # Steps.statuscode_equals_(int)
]]></system-out>
  </testcase>
  <testcase name="Create a new user" classname="Login Functionality" time="0.203">
    <error type="java.lang.NullPointerException"><![CDATA[java.lang.NullPointerException
	at stepDefinitions.Steps.i_send_a_post_request_email_id_passowrd_username(Steps.java:99)
	at ✽.I send a POST request email, id, password, Username(file:src/test/resources/functionalTests/End2End_Test.feature:9)
]]></error>
    <system-out><![CDATA[
  Scenario: Create a new user                                    # src/test/resources/functionalTests/End2End_Test.feature:7
    Given I have a valid data for user creation                  # Steps.i_have_a_valid_data_for_user_creation()
    When I send a POST request email, id, password, Username     # Steps.i_send_a_post_request_email_id_passowrd_username()
      java.lang.NullPointerException
	at stepDefinitions.Steps.i_send_a_post_request_email_id_passowrd_username(Steps.java:99)
	at ?.I send a POST request email, id, password, Username(file:src/test/resources/functionalTests/End2End_Test.feature:9)

    Then the response status code should be 200 for created user # Steps.the_response_status_code_should_be_(int)
    And the response should contain the username                 # Steps.the_response_should_contain_the_username()
    And the response should contain the email                    # Steps.the_response_should_contain_the_email()
]]></system-out>
  </testcase>
  <testcase name="Update user information" classname="Login Functionality" time="0.006">
    <error type="java.lang.NullPointerException"><![CDATA[java.lang.NullPointerException
	at stepDefinitions.Steps.i_update_last_created_user_emailid_to_new_emailid(Steps.java:126)
	at ✽.I update last created user emailid to new emailid(file:src/test/resources/functionalTests/End2End_Test.feature:15)
]]></error>
    <system-out><![CDATA[
  Scenario: Update user information                             # src/test/resources/functionalTests/End2End_Test.feature:13
newnull
    Given I have to select last created user for update emailid # Steps.i_have_to_select_last_created_user_for_update_emailid()
    When I update last created user emailid to new emailid      # Steps.i_update_last_created_user_emailid_to_new_emailid()
      java.lang.NullPointerException
	at stepDefinitions.Steps.i_update_last_created_user_emailid_to_new_emailid(Steps.java:126)
	at ?.I update last created user emailid to new emailid(file:src/test/resources/functionalTests/End2End_Test.feature:15)

    Then I have to verity the emailid is updated correctily     # Steps.i_have_to_verity_the_emailid_is_updated_correctily()
]]></system-out>
  </testcase>
  <testcase name="Delete user" classname="Login Functionality" time="0.004">
    <error type="java.lang.NullPointerException"><![CDATA[java.lang.NullPointerException
	at stepDefinitions.Steps.i_have_to_delete_last_created_user(Steps.java:143)
	at ✽.I have to delete last created user(file:src/test/resources/functionalTests/End2End_Test.feature:18)
]]></error>
    <system-out><![CDATA[
  Scenario: Delete user                              # src/test/resources/functionalTests/End2End_Test.feature:17
    Given I have to delete last created user         # Steps.i_have_to_delete_last_created_user()
      java.lang.NullPointerException
	at stepDefinitions.Steps.i_have_to_delete_last_created_user(Steps.java:143)
	at ?.I have to delete last created user(file:src/test/resources/functionalTests/End2End_Test.feature:18)

    When I delete last created account               # Steps.i_delete_last_created_account()
    Then last created user account should be deleted # Steps.last_created_user_account_should_be_deleted()
]]></system-out>
  </testcase>
  <testcase name="Invalid Login validation API checks" classname="Login Functionality" time="0.144">
    <system-out><![CDATA[
  Scenario Outline: Invalid Login validation API checks # src/test/resources/functionalTests/End2End_Test.feature:21
    Given Post Login API
    When Provide different combinations to "<email>" and "<password>"
    Then response contains message equals "<message>"

    Examples: 

  Scenario Outline: Invalid Login validation API checks                        # src/test/resources/functionalTests/End2End_Test.feature:27
    Given Post Login API                                                       # Steps.post_login_api()
    When Provide different combinations to "" and ""                           # Steps.provide_different_combinations_to_something(String,String)
    Then response contains message equals "HTTP/1.1 500 Internal Server Error" # Steps.response_contains_equals(String)
]]></system-out>
  </testcase>
  <testcase name="Invalid Login validation API checks" classname="Login Functionality" time="0.125">
    <system-out><![CDATA[
  Scenario Outline: Invalid Login validation API checks                        # src/test/resources/functionalTests/End2End_Test.feature:28
    Given Post Login API                                                       # Steps.post_login_api()
    When Provide different combinations to "abc" and ""                        # Steps.provide_different_combinations_to_something(String,String)
    Then response contains message equals "HTTP/1.1 500 Internal Server Error" # Steps.response_contains_equals(String)
]]></system-out>
  </testcase>
  <testcase name="Invalid Login validation API checks" classname="Login Functionality" time="0.136">
    <system-out><![CDATA[
  Scenario Outline: Invalid Login validation API checks                        # src/test/resources/functionalTests/End2End_Test.feature:29
    Given Post Login API                                                       # Steps.post_login_api()
    When Provide different combinations to "abc@mail7.io" and "Pass"           # Steps.provide_different_combinations_to_something(String,String)
    Then response contains message equals "HTTP/1.1 500 Internal Server Error" # Steps.response_contains_equals(String)
]]></system-out>
  </testcase>
</testsuite>